# JRE version: OpenJDK Runtime Environment Microsoft-11369940 (21.0.7+6) (build 21.0.7+6-LTS)
# Java VM: OpenJDK 64-Bit Server VM Microsoft-11369940 (21.0.7+6-LTS, mixed mode, tiered, compressed oops, compressed class ptrs, g1 gc, windows-amd64)
GC Precious Log:
 CardTable entry size: 512
 Card Set container configuration: InlinePtr #cards 4 size 8 Array Of Cards #cards 32 size 80 Howl #buckets 8 coarsen threshold 7372 Howl Bitmap #cards 1024 size 144 coarsen threshold 921 Card regions per heap region 1 cards per card region 8192
 CPUs: 32 total, 32 available
 Memory: 31962M
 Large Page Support: Disabled
 NUMA Support: Disabled
 Compressed Oops: Enabled (Zero based)
 Heap Region Size: 4M
 Heap Min Capacity: 8M
 Heap Initial Capacity: 8M
 Heap Max Capacity: 7992M
 Pre-touch: Disabled
 Parallel Workers: 23
 Concurrent Workers: 6
 Concurrent Refinement Workers: 23
 Periodic GC: Disabled
Heap:
 garbage-first heap   total 774144K, used 548420K [0x000000060c800000, 0x0000000800000000)
  region size 4096K, 5 young (20480K), 3 survivors (12288K)
 Metaspace       used 23741K, committed 24064K, reserved 1114112K
  class space    used 2134K, committed 2304K, reserved 1048576K
GC Heap History (20 events):
Event: 5.256 GC heap before
{Heap before GC invocations=28 (full 2):
 garbage-first heap   total 409600K, used 293608K [0x000000060c800000, 0x0000000800000000)
  region size 4096K, 12 young (49152K), 2 survivors (8192K)
 Metaspace       used 18118K, committed 18304K, reserved 1114112K
  class space    used 1675K, committed 1792K, reserved 1048576K
}
Event: 5.261 GC heap after
{Heap after GC invocations=29 (full 2):
 garbage-first heap   total 409600K, used 266240K [0x000000060c800000, 0x0000000800000000)
  region size 4096K, 2 young (8192K), 2 survivors (8192K)
 Metaspace       used 18118K, committed 18304K, reserved 1114112K
  class space    used 1675K, committed 1792K, reserved 1048576K
}
Event: 5.371 GC heap before
{Heap before GC invocations=29 (full 2):
 garbage-first heap   total 409600K, used 335872K [0x000000060c800000, 0x0000000800000000)
  region size 4096K, 18 young (73728K), 2 survivors (8192K)
 Metaspace       used 18157K, committed 18304K, reserved 1114112K
  class space    used 1675K, committed 1792K, reserved 1048576K
}
Event: 5.378 GC heap after
{Heap after GC invocations=30 (full 2):
 garbage-first heap   total 573440K, used 291058K [0x000000060c800000, 0x0000000800000000)
  region size 4096K, 3 young (12288K), 3 survivors (12288K)
 Metaspace       used 18157K, committed 18304K, reserved 1114112K
  class space    used 1675K, committed 1792K, reserved 1048576K
}
Event: 5.718 GC heap before
{Heap before GC invocations=30 (full 2):
 garbage-first heap   total 573440K, used 430322K [0x000000060c800000, 0x0000000800000000)
  region size 4096K, 35 young (143360K), 3 survivors (12288K)
 Metaspace       used 18159K, committed 18368K, reserved 1114112K
  class space    used 1675K, committed 1792K, reserved 1048576K
}
Event: 5.728 GC heap after
{Heap after GC invocations=31 (full 2):
 garbage-first heap   total 573440K, used 348004K [0x000000060c800000, 0x0000000800000000)
  region size 4096K, 5 young (20480K), 5 survivors (20480K)
 Metaspace       used 18159K, committed 18368K, reserved 1114112K
  class space    used 1675K, committed 1792K, reserved 1048576K
}
Event: 6.181 GC heap before
{Heap before GC invocations=31 (full 2):
 garbage-first heap   total 573440K, used 466788K [0x000000060c800000, 0x0000000800000000)
  region size 4096K, 33 young (135168K), 5 survivors (20480K)
 Metaspace       used 18169K, committed 18432K, reserved 1114112K
  class space    used 1675K, committed 1792K, reserved 1048576K
}
Event: 6.189 GC heap after
{Heap after GC invocations=32 (full 2):
 garbage-first heap   total 573440K, used 393216K [0x000000060c800000, 0x0000000800000000)
  region size 4096K, 5 young (20480K), 5 survivors (20480K)
 Metaspace       used 18169K, committed 18432K, reserved 1114112K
  class space    used 1675K, committed 1792K, reserved 1048576K
}
Event: 6.499 GC heap before
{Heap before GC invocations=32 (full 2):
 garbage-first heap   total 573440K, used 487424K [0x000000060c800000, 0x0000000800000000)
  region size 4096K, 27 young (110592K), 5 survivors (20480K)
 Metaspace       used 18169K, committed 18432K, reserved 1114112K
  class space    used 1675K, committed 1792K, reserved 1048576K
}
Event: 6.505 GC heap after
{Heap after GC invocations=33 (full 2):
 garbage-first heap   total 573440K, used 430918K [0x000000060c800000, 0x0000000800000000)
  region size 4096K, 4 young (16384K), 4 survivors (16384K)
 Metaspace       used 18169K, committed 18432K, reserved 1114112K
  class space    used 1675K, committed 1792K, reserved 1048576K
}
Event: 6.623 GC heap before
{Heap before GC invocations=33 (full 2):
 garbage-first heap   total 573440K, used 508742K [0x000000060c800000, 0x0000000800000000)
  region size 4096K, 21 young (86016K), 4 survivors (16384K)
 Metaspace       used 18169K, committed 18432K, reserved 1114112K
  class space    used 1675K, committed 1792K, reserved 1048576K
}
Event: 6.629 GC heap after
{Heap after GC invocations=34 (full 2):
 garbage-first heap   total 716800K, used 461009K [0x000000060c800000, 0x0000000800000000)
  region size 4096K, 3 young (12288K), 3 survivors (12288K)
 Metaspace       used 18169K, committed 18432K, reserved 1114112K
  class space    used 1675K, committed 1792K, reserved 1048576K
}
Event: 7.216 GC heap before
{Heap before GC invocations=35 (full 2):
 garbage-first heap   total 774144K, used 592081K [0x000000060c800000, 0x0000000800000000)
  region size 4096K, 35 young (143360K), 3 survivors (12288K)
 Metaspace       used 18174K, committed 18432K, reserved 1114112K
  class space    used 1676K, committed 1792K, reserved 1048576K
}
Event: 7.225 GC heap after
{Heap after GC invocations=36 (full 2):
 garbage-first heap   total 774144K, used 508583K [0x000000060c800000, 0x0000000800000000)
  region size 4096K, 5 young (20480K), 5 survivors (20480K)
 Metaspace       used 18174K, committed 18432K, reserved 1114112K
  class space    used 1676K, committed 1792K, reserved 1048576K
}
Event: 8.581 GC heap before
{Heap before GC invocations=36 (full 2):
 garbage-first heap   total 774144K, used 647847K [0x000000060c800000, 0x0000000800000000)
  region size 4096K, 38 young (155648K), 5 survivors (20480K)
 Metaspace       used 20253K, committed 20416K, reserved 1114112K
  class space    used 1849K, committed 1920K, reserved 1048576K
}
Event: 8.608 GC heap after
{Heap after GC invocations=37 (full 2):
 garbage-first heap   total 774144K, used 529864K [0x000000060c800000, 0x0000000800000000)
  region size 4096K, 5 young (20480K), 5 survivors (20480K)
 Metaspace       used 20253K, committed 20416K, reserved 1114112K
  class space    used 1849K, committed 1920K, reserved 1048576K
}
Event: 10.481 GC heap before
{Heap before GC invocations=37 (full 2):
 garbage-first heap   total 774144K, used 656840K [0x000000060c800000, 0x0000000800000000)
  region size 4096K, 36 young (147456K), 5 survivors (20480K)
 Metaspace       used 23285K, committed 23616K, reserved 1114112K
  class space    used 2113K, committed 2240K, reserved 1048576K
}
Event: 10.490 GC heap after
{Heap after GC invocations=38 (full 2):
 garbage-first heap   total 774144K, used 540625K [0x000000060c800000, 0x0000000800000000)
  region size 4096K, 3 young (12288K), 3 survivors (12288K)
 Metaspace       used 23285K, committed 23616K, reserved 1114112K
  class space    used 2113K, committed 2240K, reserved 1048576K
}
Event: 11.724 GC heap before
{Heap before GC invocations=38 (full 2):
 garbage-first heap   total 774144K, used 671697K [0x000000060c800000, 0x0000000800000000)
  region size 4096K, 35 young (143360K), 3 survivors (12288K)
 Metaspace       used 23735K, committed 24064K, reserved 1114112K
  class space    used 2134K, committed 2304K, reserved 1048576K
}
Event: 11.729 GC heap after
{Heap after GC invocations=39 (full 2):
 garbage-first heap   total 774144K, used 544324K [0x000000060c800000, 0x0000000800000000)
  region size 4096K, 3 young (12288K), 3 survivors (12288K)
 Metaspace       used 23735K, committed 24064K, reserved 1114112K
  class space    used 2134K, committed 2304K, reserved 1048576K
}

