# JRE version: OpenJDK Runtime Environment Microsoft-11369940 (21.0.7+6) (build 21.0.7+6-LTS)
# Java VM: OpenJDK 64-Bit Server VM Microsoft-11369940 (21.0.7+6-LTS, mixed mode, tiered, compressed oops, compressed class ptrs, g1 gc, windows-amd64)
GC Precious Log:
 CardTable entry size: 512
 Card Set container configuration: InlinePtr #cards 4 size 8 Array Of Cards #cards 32 size 80 Howl #buckets 8 coarsen threshold 7372 Howl Bitmap #cards 1024 size 144 coarsen threshold 921 Card regions per heap region 1 cards per card region 8192
 CPUs: 32 total, 32 available
 Memory: 31962M
 Large Page Support: Disabled
 NUMA Support: Disabled
 Compressed Oops: Enabled (Zero based)
 Heap Region Size: 4M
 Heap Min Capacity: 8M
 Heap Initial Capacity: 8M
 Heap Max Capacity: 7992M
 Pre-touch: Disabled
 Parallel Workers: 23
 Concurrent Workers: 6
 Concurrent Refinement Workers: 23
 Periodic GC: Disabled
Heap:
 garbage-first heap   total 663552K, used 505318K [0x000000060c800000, 0x0000000800000000)
  region size 4096K, 6 young (24576K), 4 survivors (16384K)
 Metaspace       used 18560K, committed 18752K, reserved 1114112K
  class space    used 1720K, committed 1792K, reserved 1048576K
GC Heap History (20 events):
Event: 5.416 GC heap before
{Heap before GC invocations=30 (full 2):
 garbage-first heap   total 315392K, used 249267K [0x000000060c800000, 0x0000000800000000)
  region size 4096K, 15 young (61440K), 2 survivors (8192K)
 Metaspace       used 18017K, committed 18240K, reserved 1114112K
  class space    used 1674K, committed 1792K, reserved 1048576K
}
Event: 5.422 GC heap after
{Heap after GC invocations=31 (full 2):
 garbage-first heap   total 446464K, used 210411K [0x000000060c800000, 0x0000000800000000)
  region size 4096K, 2 young (8192K), 2 survivors (8192K)
 Metaspace       used 18017K, committed 18240K, reserved 1114112K
  class space    used 1674K, committed 1792K, reserved 1048576K
}
Event: 6.125 GC heap before
{Heap before GC invocations=31 (full 2):
 garbage-first heap   total 446464K, used 337387K [0x000000060c800000, 0x0000000800000000)
  region size 4096K, 30 young (122880K), 2 survivors (8192K)
 Metaspace       used 18051K, committed 18304K, reserved 1114112K
  class space    used 1674K, committed 1792K, reserved 1048576K
}
Event: 6.138 GC heap after
{Heap after GC invocations=32 (full 2):
 garbage-first heap   total 446464K, used 271677K [0x000000060c800000, 0x0000000800000000)
  region size 4096K, 4 young (16384K), 4 survivors (16384K)
 Metaspace       used 18051K, committed 18304K, reserved 1114112K
  class space    used 1674K, committed 1792K, reserved 1048576K
}
Event: 6.277 GC heap before
{Heap before GC invocations=32 (full 2):
 garbage-first heap   total 446464K, used 320829K [0x000000060c800000, 0x0000000800000000)
  region size 4096K, 17 young (69632K), 4 survivors (16384K)
 Metaspace       used 18092K, committed 18304K, reserved 1114112K
  class space    used 1674K, committed 1792K, reserved 1048576K
}
Event: 6.282 GC heap after
{Heap after GC invocations=33 (full 2):
 garbage-first heap   total 446464K, used 283466K [0x000000060c800000, 0x0000000800000000)
  region size 4096K, 3 young (12288K), 3 survivors (12288K)
 Metaspace       used 18092K, committed 18304K, reserved 1114112K
  class space    used 1674K, committed 1792K, reserved 1048576K
}
Event: 6.604 GC heap before
{Heap before GC invocations=34 (full 2):
 garbage-first heap   total 491520K, used 365386K [0x000000060c800000, 0x0000000800000000)
  region size 4096K, 22 young (90112K), 3 survivors (12288K)
 Metaspace       used 18095K, committed 18304K, reserved 1114112K
  class space    used 1674K, committed 1792K, reserved 1048576K
}
Event: 6.612 GC heap after
{Heap after GC invocations=35 (full 2):
 garbage-first heap   total 491520K, used 317031K [0x000000060c800000, 0x0000000800000000)
  region size 4096K, 3 young (12288K), 3 survivors (12288K)
 Metaspace       used 18095K, committed 18304K, reserved 1114112K
  class space    used 1674K, committed 1792K, reserved 1048576K
}
Event: 7.066 GC heap before
{Heap before GC invocations=35 (full 2):
 garbage-first heap   total 491520K, used 398951K [0x000000060c800000, 0x0000000800000000)
  region size 4096K, 23 young (94208K), 3 survivors (12288K)
 Metaspace       used 18102K, committed 18304K, reserved 1114112K
  class space    used 1674K, committed 1792K, reserved 1048576K
}
Event: 7.074 GC heap after
{Heap after GC invocations=36 (full 2):
 garbage-first heap   total 491520K, used 348767K [0x000000060c800000, 0x0000000800000000)
  region size 4096K, 3 young (12288K), 3 survivors (12288K)
 Metaspace       used 18102K, committed 18304K, reserved 1114112K
  class space    used 1674K, committed 1792K, reserved 1048576K
}
Event: 7.185 GC heap before
{Heap before GC invocations=36 (full 2):
 garbage-first heap   total 491520K, used 373343K [0x000000060c800000, 0x0000000800000000)
  region size 4096K, 10 young (40960K), 3 survivors (12288K)
 Metaspace       used 18103K, committed 18304K, reserved 1114112K
  class space    used 1674K, committed 1792K, reserved 1048576K
}
Event: 7.189 GC heap after
{Heap after GC invocations=37 (full 2):
 garbage-first heap   total 589824K, used 360847K [0x000000060c800000, 0x0000000800000000)
  region size 4096K, 3 young (12288K), 3 survivors (12288K)
 Metaspace       used 18103K, committed 18304K, reserved 1114112K
  class space    used 1674K, committed 1792K, reserved 1048576K
}
Event: 7.624 GC heap before
{Heap before GC invocations=37 (full 2):
 garbage-first heap   total 589824K, used 442767K [0x000000060c800000, 0x0000000800000000)
  region size 4096K, 23 young (94208K), 3 survivors (12288K)
 Metaspace       used 18104K, committed 18304K, reserved 1114112K
  class space    used 1674K, committed 1792K, reserved 1048576K
}
Event: 7.633 GC heap after
{Heap after GC invocations=38 (full 2):
 garbage-first heap   total 589824K, used 391376K [0x000000060c800000, 0x0000000800000000)
  region size 4096K, 4 young (16384K), 4 survivors (16384K)
 Metaspace       used 18104K, committed 18304K, reserved 1114112K
  class space    used 1674K, committed 1792K, reserved 1048576K
}
Event: 8.082 GC heap before
{Heap before GC invocations=39 (full 2):
 garbage-first heap   total 663552K, used 485584K [0x000000060c800000, 0x0000000800000000)
  region size 4096K, 26 young (106496K), 4 survivors (16384K)
 Metaspace       used 18104K, committed 18304K, reserved 1114112K
  class space    used 1674K, committed 1792K, reserved 1048576K
}
Event: 8.090 GC heap after
{Heap after GC invocations=40 (full 2):
 garbage-first heap   total 663552K, used 434995K [0x000000060c800000, 0x0000000800000000)
  region size 4096K, 4 young (16384K), 4 survivors (16384K)
 Metaspace       used 18104K, committed 18304K, reserved 1114112K
  class space    used 1674K, committed 1792K, reserved 1048576K
}
Event: 8.415 GC heap before
{Heap before GC invocations=40 (full 2):
 garbage-first heap   total 663552K, used 537395K [0x000000060c800000, 0x0000000800000000)
  region size 4096K, 28 young (114688K), 4 survivors (16384K)
 Metaspace       used 18104K, committed 18304K, reserved 1114112K
  class space    used 1674K, committed 1792K, reserved 1048576K
}
Event: 8.422 GC heap after
{Heap after GC invocations=41 (full 2):
 garbage-first heap   total 663552K, used 462293K [0x000000060c800000, 0x0000000800000000)
  region size 4096K, 4 young (16384K), 4 survivors (16384K)
 Metaspace       used 18104K, committed 18304K, reserved 1114112K
  class space    used 1674K, committed 1792K, reserved 1048576K
}
Event: 8.889 GC heap before
{Heap before GC invocations=41 (full 2):
 garbage-first heap   total 663552K, used 552405K [0x000000060c800000, 0x0000000800000000)
  region size 4096K, 27 young (110592K), 4 survivors (16384K)
 Metaspace       used 18419K, committed 18624K, reserved 1114112K
  class space    used 1706K, committed 1792K, reserved 1048576K
}
Event: 8.899 GC heap after
{Heap after GC invocations=42 (full 2):
 garbage-first heap   total 663552K, used 501222K [0x000000060c800000, 0x0000000800000000)
  region size 4096K, 4 young (16384K), 4 survivors (16384K)
 Metaspace       used 18419K, committed 18624K, reserved 1114112K
  class space    used 1706K, committed 1792K, reserved 1048576K
}

