# JRE version: OpenJDK Runtime Environment Temurin-21.0.10+7 (21.0.10+7) (build 21.0.10+7-LTS)
# Java VM: OpenJDK 64-Bit Server VM Temurin-21.0.10+7 (21.0.10+7-LTS, mixed mode, sharing, tiered, compressed oops, compressed class ptrs, parallel gc, windows-amd64)
GC Precious Log:
 CardTable entry size: 512
 CPUs: 32 total, 32 available
 Memory: 31962M
 Large Page Support: Disabled
 NUMA Support: Disabled
 Compressed Oops: Enabled (32-bit)
 Alignments: Space 512K, Generation 512K, Heap 2M
 Heap Min Capacity: 100M
 Heap Initial Capacity: 100M
 Heap Max Capacity: 2G
 Pre-touch: Disabled
 Parallel Workers: 23
Heap:
 PSYoungGen      total 22016K, used 5204K [0x00000000d5580000, 0x00000000d6f80000, 0x0000000100000000)
  eden space 20480K, 18% used [0x00000000d5580000,0x00000000d59452f0,0x00000000d6980000)
  from space 1536K, 87% used [0x00000000d6e00000,0x00000000d6f50010,0x00000000d6f80000)
  to   space 1536K, 0% used [0x00000000d6c80000,0x00000000d6c80000,0x00000000d6e00000)
 ParOldGen       total 68608K, used 40005K [0x0000000080000000, 0x0000000084300000, 0x00000000d5580000)
  object space 68608K, 58% used [0x0000000080000000,0x00000000827114c8,0x0000000084300000)
 Metaspace       used 55403K, committed 56768K, reserved 1114112K
  class space    used 6554K, committed 7104K, reserved 1048576K
GC Heap History (20 events):
Event: 10.045 GC heap before
{Heap before GC invocations=19 (full 2):
 PSYoungGen      total 27136K, used 26979K [0x00000000d5580000, 0x00000000d7700000, 0x0000000100000000)
  eden space 21504K, 100% used [0x00000000d5580000,0x00000000d6a80000,0x00000000d6a80000)
  from space 5632K, 97% used [0x00000000d7080000,0x00000000d75d8f00,0x00000000d7600000)
  to   space 6144K, 0% used [0x00000000d6a80000,0x00000000d6a80000,0x00000000d7080000)
 ParOldGen       total 68608K, used 23986K [0x0000000080000000, 0x0000000084300000, 0x00000000d5580000)
  object space 68608K, 34% used [0x0000000080000000,0x000000008176ca20,0x0000000084300000)
 Metaspace       used 41417K, committed 42560K, reserved 1114112K
  class space    used 4583K, committed 5056K, reserved 1048576K
}
Event: 10.049 GC heap after
{Heap after GC invocations=19 (full 2):
 PSYoungGen      total 22528K, used 992K [0x00000000d5580000, 0x00000000d7100000, 0x0000000100000000)
  eden space 21504K, 0% used [0x00000000d5580000,0x00000000d5580000,0x00000000d6a80000)
  from space 1024K, 96% used [0x00000000d6a80000,0x00000000d6b78000,0x00000000d6b80000)
  to   space 3072K, 0% used [0x00000000d6e00000,0x00000000d6e00000,0x00000000d7100000)
 ParOldGen       total 68608K, used 29187K [0x0000000080000000, 0x0000000084300000, 0x00000000d5580000)
  object space 68608K, 42% used [0x0000000080000000,0x0000000081c80c38,0x0000000084300000)
 Metaspace       used 41417K, committed 42560K, reserved 1114112K
  class space    used 4583K, committed 5056K, reserved 1048576K
}
Event: 10.317 GC heap before
{Heap before GC invocations=20 (full 2):
 PSYoungGen      total 22528K, used 22496K [0x00000000d5580000, 0x00000000d7100000, 0x0000000100000000)
  eden space 21504K, 100% used [0x00000000d5580000,0x00000000d6a80000,0x00000000d6a80000)
  from space 1024K, 96% used [0x00000000d6a80000,0x00000000d6b78000,0x00000000d6b80000)
  to   space 3072K, 0% used [0x00000000d6e00000,0x00000000d6e00000,0x00000000d7100000)
 ParOldGen       total 68608K, used 29187K [0x0000000080000000, 0x0000000084300000, 0x00000000d5580000)
  object space 68608K, 42% used [0x0000000080000000,0x0000000081c80c38,0x0000000084300000)
 Metaspace       used 43177K, committed 44288K, reserved 1114112K
  class space    used 4847K, committed 5312K, reserved 1048576K
}
Event: 10.321 GC heap after
{Heap after GC invocations=20 (full 2):
 PSYoungGen      total 23040K, used 1248K [0x00000000d5580000, 0x00000000d6f80000, 0x0000000100000000)
  eden space 21504K, 0% used [0x00000000d5580000,0x00000000d5580000,0x00000000d6a80000)
  from space 1536K, 81% used [0x00000000d6e00000,0x00000000d6f38000,0x00000000d6f80000)
  to   space 1536K, 0% used [0x00000000d6c80000,0x00000000d6c80000,0x00000000d6e00000)
 ParOldGen       total 68608K, used 29787K [0x0000000080000000, 0x0000000084300000, 0x00000000d5580000)
  object space 68608K, 43% used [0x0000000080000000,0x0000000081d16c38,0x0000000084300000)
 Metaspace       used 43177K, committed 44288K, reserved 1114112K
  class space    used 4847K, committed 5312K, reserved 1048576K
}
Event: 10.551 GC heap before
{Heap before GC invocations=21 (full 2):
 PSYoungGen      total 23040K, used 22752K [0x00000000d5580000, 0x00000000d6f80000, 0x0000000100000000)
  eden space 21504K, 100% used [0x00000000d5580000,0x00000000d6a80000,0x00000000d6a80000)
  from space 1536K, 81% used [0x00000000d6e00000,0x00000000d6f38000,0x00000000d6f80000)
  to   space 1536K, 0% used [0x00000000d6c80000,0x00000000d6c80000,0x00000000d6e00000)
 ParOldGen       total 68608K, used 29787K [0x0000000080000000, 0x0000000084300000, 0x00000000d5580000)
  object space 68608K, 43% used [0x0000000080000000,0x0000000081d16c38,0x0000000084300000)
 Metaspace       used 44659K, committed 45760K, reserved 1114112K
  class space    used 5039K, committed 5504K, reserved 1048576K
}
Event: 10.552 GC heap after
{Heap after GC invocations=21 (full 2):
 PSYoungGen      total 23040K, used 1184K [0x00000000d5580000, 0x00000000d6e80000, 0x0000000100000000)
  eden space 21504K, 0% used [0x00000000d5580000,0x00000000d5580000,0x00000000d6a80000)
  from space 1536K, 77% used [0x00000000d6c80000,0x00000000d6da8000,0x00000000d6e00000)
  to   space 512K, 0% used [0x00000000d6e00000,0x00000000d6e00000,0x00000000d6e80000)
 ParOldGen       total 68608K, used 30651K [0x0000000080000000, 0x0000000084300000, 0x00000000d5580000)
  object space 68608K, 44% used [0x0000000080000000,0x0000000081deec48,0x0000000084300000)
 Metaspace       used 44659K, committed 45760K, reserved 1114112K
  class space    used 5039K, committed 5504K, reserved 1048576K
}
Event: 10.795 GC heap before
{Heap before GC invocations=22 (full 2):
 PSYoungGen      total 23040K, used 22688K [0x00000000d5580000, 0x00000000d6e80000, 0x0000000100000000)
  eden space 21504K, 100% used [0x00000000d5580000,0x00000000d6a80000,0x00000000d6a80000)
  from space 1536K, 77% used [0x00000000d6c80000,0x00000000d6da8000,0x00000000d6e00000)
  to   space 512K, 0% used [0x00000000d6e00000,0x00000000d6e00000,0x00000000d6e80000)
 ParOldGen       total 68608K, used 30651K [0x0000000080000000, 0x0000000084300000, 0x00000000d5580000)
  object space 68608K, 44% used [0x0000000080000000,0x0000000081deec48,0x0000000084300000)
 Metaspace       used 45701K, committed 46912K, reserved 1114112K
  class space    used 5173K, committed 5696K, reserved 1048576K
}
Event: 10.798 GC heap after
{Heap after GC invocations=22 (full 2):
 PSYoungGen      total 22016K, used 512K [0x00000000d5580000, 0x00000000d6e80000, 0x0000000100000000)
  eden space 21504K, 0% used [0x00000000d5580000,0x00000000d5580000,0x00000000d6a80000)
  from space 512K, 100% used [0x00000000d6e00000,0x00000000d6e80000,0x00000000d6e80000)
  to   space 2048K, 0% used [0x00000000d6a80000,0x00000000d6a80000,0x00000000d6c80000)
 ParOldGen       total 68608K, used 31987K [0x0000000080000000, 0x0000000084300000, 0x00000000d5580000)
  object space 68608K, 46% used [0x0000000080000000,0x0000000081f3cd08,0x0000000084300000)
 Metaspace       used 45701K, committed 46912K, reserved 1114112K
  class space    used 5173K, committed 5696K, reserved 1048576K
}
Event: 11.051 GC heap before
{Heap before GC invocations=23 (full 2):
 PSYoungGen      total 22016K, used 22016K [0x00000000d5580000, 0x00000000d6e80000, 0x0000000100000000)
  eden space 21504K, 100% used [0x00000000d5580000,0x00000000d6a80000,0x00000000d6a80000)
  from space 512K, 100% used [0x00000000d6e00000,0x00000000d6e80000,0x00000000d6e80000)
  to   space 2048K, 0% used [0x00000000d6a80000,0x00000000d6a80000,0x00000000d6c80000)
 ParOldGen       total 68608K, used 31987K [0x0000000080000000, 0x0000000084300000, 0x00000000d5580000)
  object space 68608K, 46% used [0x0000000080000000,0x0000000081f3cd08,0x0000000084300000)
 Metaspace       used 46962K, committed 48128K, reserved 1114112K
  class space    used 5353K, committed 5824K, reserved 1048576K
}
Event: 11.053 GC heap after
{Heap after GC invocations=23 (full 2):
 PSYoungGen      total 23552K, used 1248K [0x00000000d5580000, 0x00000000d6e80000, 0x0000000100000000)
  eden space 21504K, 0% used [0x00000000d5580000,0x00000000d5580000,0x00000000d6a80000)
  from space 2048K, 60% used [0x00000000d6a80000,0x00000000d6bb8000,0x00000000d6c80000)
  to   space 1536K, 0% used [0x00000000d6d00000,0x00000000d6d00000,0x00000000d6e80000)
 ParOldGen       total 68608K, used 32471K [0x0000000080000000, 0x0000000084300000, 0x00000000d5580000)
  object space 68608K, 47% used [0x0000000080000000,0x0000000081fb5d28,0x0000000084300000)
 Metaspace       used 46962K, committed 48128K, reserved 1114112K
  class space    used 5353K, committed 5824K, reserved 1048576K
}
Event: 11.281 GC heap before
{Heap before GC invocations=24 (full 2):
 PSYoungGen      total 23552K, used 22733K [0x00000000d5580000, 0x00000000d6e80000, 0x0000000100000000)
  eden space 21504K, 99% used [0x00000000d5580000,0x00000000d6a7b588,0x00000000d6a80000)
  from space 2048K, 60% used [0x00000000d6a80000,0x00000000d6bb8000,0x00000000d6c80000)
  to   space 1536K, 0% used [0x00000000d6d00000,0x00000000d6d00000,0x00000000d6e80000)
 ParOldGen       total 68608K, used 32471K [0x0000000080000000, 0x0000000084300000, 0x00000000d5580000)
  object space 68608K, 47% used [0x0000000080000000,0x0000000081fb5d28,0x0000000084300000)
 Metaspace       used 47961K, committed 49152K, reserved 1114112K
  class space    used 5462K, committed 5952K, reserved 1048576K
}
Event: 11.283 GC heap after
{Heap after GC invocations=24 (full 2):
 PSYoungGen      total 22016K, used 1526K [0x00000000d5580000, 0x00000000d7180000, 0x0000000100000000)
  eden space 20480K, 0% used [0x00000000d5580000,0x00000000d5580000,0x00000000d6980000)
  from space 1536K, 99% used [0x00000000d6d00000,0x00000000d6e7d9f8,0x00000000d6e80000)
  to   space 3584K, 0% used [0x00000000d6980000,0x00000000d6980000,0x00000000d6d00000)
 ParOldGen       total 68608K, used 33786K [0x0000000080000000, 0x0000000084300000, 0x00000000d5580000)
  object space 68608K, 49% used [0x0000000080000000,0x00000000820fe960,0x0000000084300000)
 Metaspace       used 47961K, committed 49152K, reserved 1114112K
  class space    used 5462K, committed 5952K, reserved 1048576K
}
Event: 11.557 GC heap before
{Heap before GC invocations=25 (full 2):
 PSYoungGen      total 22016K, used 22006K [0x00000000d5580000, 0x00000000d7180000, 0x0000000100000000)
  eden space 20480K, 100% used [0x00000000d5580000,0x00000000d6980000,0x00000000d6980000)
  from space 1536K, 99% used [0x00000000d6d00000,0x00000000d6e7d9f8,0x00000000d6e80000)
  to   space 3584K, 0% used [0x00000000d6980000,0x00000000d6980000,0x00000000d6d00000)
 ParOldGen       total 68608K, used 33786K [0x0000000080000000, 0x0000000084300000, 0x00000000d5580000)
  object space 68608K, 49% used [0x0000000080000000,0x00000000820fe960,0x0000000084300000)
 Metaspace       used 48796K, committed 50048K, reserved 1114112K
  class space    used 5608K, committed 6144K, reserved 1048576K
}
Event: 11.559 GC heap after
{Heap after GC invocations=25 (full 2):
 PSYoungGen      total 24064K, used 3558K [0x00000000d5580000, 0x00000000d7480000, 0x0000000100000000)
  eden space 20480K, 0% used [0x00000000d5580000,0x00000000d5580000,0x00000000d6980000)
  from space 3584K, 99% used [0x00000000d6980000,0x00000000d6cf99c0,0x00000000d6d00000)
  to   space 5632K, 0% used [0x00000000d6f00000,0x00000000d6f00000,0x00000000d7480000)
 ParOldGen       total 68608K, used 35346K [0x0000000080000000, 0x0000000084300000, 0x00000000d5580000)
  object space 68608K, 51% used [0x0000000080000000,0x0000000082284a18,0x0000000084300000)
 Metaspace       used 48796K, committed 50048K, reserved 1114112K
  class space    used 5608K, committed 6144K, reserved 1048576K
}
Event: 11.789 GC heap before
{Heap before GC invocations=26 (full 2):
 PSYoungGen      total 24064K, used 24038K [0x00000000d5580000, 0x00000000d7480000, 0x0000000100000000)
  eden space 20480K, 100% used [0x00000000d5580000,0x00000000d6980000,0x00000000d6980000)
  from space 3584K, 99% used [0x00000000d6980000,0x00000000d6cf99c0,0x00000000d6d00000)
  to   space 5632K, 0% used [0x00000000d6f00000,0x00000000d6f00000,0x00000000d7480000)
 ParOldGen       total 68608K, used 35346K [0x0000000080000000, 0x0000000084300000, 0x00000000d5580000)
  object space 68608K, 51% used [0x0000000080000000,0x0000000082284a18,0x0000000084300000)
 Metaspace       used 51143K, committed 52416K, reserved 1114112K
  class space    used 5987K, committed 6528K, reserved 1048576K
}
Event: 11.792 GC heap after
{Heap after GC invocations=26 (full 2):
 PSYoungGen      total 22016K, used 1040K [0x00000000d5580000, 0x00000000d7080000, 0x0000000100000000)
  eden space 20480K, 0% used [0x00000000d5580000,0x00000000d5580000,0x00000000d6980000)
  from space 1536K, 67% used [0x00000000d6f00000,0x00000000d7004010,0x00000000d7080000)
  to   space 2560K, 0% used [0x00000000d6b80000,0x00000000d6b80000,0x00000000d6e00000)
 ParOldGen       total 68608K, used 38669K [0x0000000080000000, 0x0000000084300000, 0x00000000d5580000)
  object space 68608K, 56% used [0x0000000080000000,0x00000000825c3488,0x0000000084300000)
 Metaspace       used 51143K, committed 52416K, reserved 1114112K
  class space    used 5987K, committed 6528K, reserved 1048576K
}
Event: 12.746 GC heap before
{Heap before GC invocations=27 (full 2):
 PSYoungGen      total 22016K, used 21520K [0x00000000d5580000, 0x00000000d7080000, 0x0000000100000000)
  eden space 20480K, 100% used [0x00000000d5580000,0x00000000d6980000,0x00000000d6980000)
  from space 1536K, 67% used [0x00000000d6f00000,0x00000000d7004010,0x00000000d7080000)
  to   space 2560K, 0% used [0x00000000d6b80000,0x00000000d6b80000,0x00000000d6e00000)
 ParOldGen       total 68608K, used 38669K [0x0000000080000000, 0x0000000084300000, 0x00000000d5580000)
  object space 68608K, 56% used [0x0000000080000000,0x00000000825c3488,0x0000000084300000)
 Metaspace       used 53500K, committed 54848K, reserved 1114112K
  class space    used 6351K, committed 6912K, reserved 1048576K
}
Event: 12.748 GC heap after
{Heap after GC invocations=27 (full 2):
 PSYoungGen      total 23040K, used 864K [0x00000000d5580000, 0x00000000d6f80000, 0x0000000100000000)
  eden space 20480K, 0% used [0x00000000d5580000,0x00000000d5580000,0x00000000d6980000)
  from space 2560K, 33% used [0x00000000d6b80000,0x00000000d6c58000,0x00000000d6e00000)
  to   space 1536K, 0% used [0x00000000d6e00000,0x00000000d6e00000,0x00000000d6f80000)
 ParOldGen       total 68608K, used 39405K [0x0000000080000000, 0x0000000084300000, 0x00000000d5580000)
  object space 68608K, 57% used [0x0000000080000000,0x000000008267b4a8,0x0000000084300000)
 Metaspace       used 53500K, committed 54848K, reserved 1114112K
  class space    used 6351K, committed 6912K, reserved 1048576K
}
Event: 28.864 GC heap before
{Heap before GC invocations=28 (full 2):
 PSYoungGen      total 23040K, used 21344K [0x00000000d5580000, 0x00000000d6f80000, 0x0000000100000000)
  eden space 20480K, 100% used [0x00000000d5580000,0x00000000d6980000,0x00000000d6980000)
  from space 2560K, 33% used [0x00000000d6b80000,0x00000000d6c58000,0x00000000d6e00000)
  to   space 1536K, 0% used [0x00000000d6e00000,0x00000000d6e00000,0x00000000d6f80000)
 ParOldGen       total 68608K, used 39405K [0x0000000080000000, 0x0000000084300000, 0x00000000d5580000)
  object space 68608K, 57% used [0x0000000080000000,0x000000008267b4a8,0x0000000084300000)
 Metaspace       used 55231K, committed 56576K, reserved 1114112K
  class space    used 6545K, committed 7104K, reserved 1048576K
}
Event: 28.867 GC heap after
{Heap after GC invocations=28 (full 2):
 PSYoungGen      total 22016K, used 1344K [0x00000000d5580000, 0x00000000d6f80000, 0x0000000100000000)
  eden space 20480K, 0% used [0x00000000d5580000,0x00000000d5580000,0x00000000d6980000)
  from space 1536K, 87% used [0x00000000d6e00000,0x00000000d6f50010,0x00000000d6f80000)
  to   space 1536K, 0% used [0x00000000d6c80000,0x00000000d6c80000,0x00000000d6e00000)
 ParOldGen       total 68608K, used 40005K [0x0000000080000000, 0x0000000084300000, 0x00000000d5580000)
  object space 68608K, 58% used [0x0000000080000000,0x00000000827114c8,0x0000000084300000)
 Metaspace       used 55231K, committed 56576K, reserved 1114112K
  class space    used 6545K, committed 7104K, reserved 1048576K
}

