# JRE version: OpenJDK Runtime Environment Microsoft-11369940 (21.0.7+6) (build 21.0.7+6-LTS)
# Java VM: OpenJDK 64-Bit Server VM Microsoft-11369940 (21.0.7+6-LTS, mixed mode, tiered, compressed oops, compressed class ptrs, g1 gc, windows-amd64)
GC Precious Log:
 CardTable entry size: 512
 Card Set container configuration: InlinePtr #cards 5 size 8 Array Of Cards #cards 12 size 40 Howl #buckets 4 coarsen threshold 1843 Howl Bitmap #cards 512 size 80 coarsen threshold 460 Card regions per heap region 1 cards per card region 2048
 CPUs: 32 total, 32 available
 Memory: 31962M
 Large Page Support: Disabled
 NUMA Support: Disabled
 Compressed Oops: Enabled (32-bit)
 Heap Region Size: 1M
 Heap Min Capacity: 8M
 Heap Initial Capacity: 8M
 Heap Max Capacity: 512M
 Pre-touch: Disabled
 Parallel Workers: 23
 Concurrent Workers: 6
 Concurrent Refinement Workers: 23
 Periodic GC: Disabled
Heap:
 garbage-first heap   total 268288K, used 180535K [0x00000000e0000000, 0x0000000100000000)
  region size 1024K, 21 young (21504K), 2 survivors (2048K)
 Metaspace       used 16248K, committed 16384K, reserved 1114112K
  class space    used 1516K, committed 1600K, reserved 1048576K
GC Heap History (20 events):
Event: 4.105 GC heap before
{Heap before GC invocations=23 (full 0):
 garbage-first heap   total 110592K, used 99328K [0x00000000e0000000, 0x0000000100000000)
  region size 1024K, 38 young (38912K), 4 survivors (4096K)
 Metaspace       used 10062K, committed 10176K, reserved 1114112K
  class space    used 877K, committed 960K, reserved 1048576K
}
Event: 4.111 GC heap after
{Heap after GC invocations=24 (full 0):
 garbage-first heap   total 110592K, used 31502K [0x00000000e0000000, 0x0000000100000000)
  region size 1024K, 4 young (4096K), 4 survivors (4096K)
 Metaspace       used 10062K, committed 10176K, reserved 1114112K
  class space    used 877K, committed 960K, reserved 1048576K
}
Event: 4.637 GC heap before
{Heap before GC invocations=24 (full 0):
 garbage-first heap   total 110592K, used 89870K [0x00000000e0000000, 0x0000000100000000)
  region size 1024K, 48 young (49152K), 4 survivors (4096K)
 Metaspace       used 15052K, committed 15232K, reserved 1114112K
  class space    used 1460K, committed 1536K, reserved 1048576K
}
Event: 4.640 GC heap after
{Heap after GC invocations=25 (full 0):
 garbage-first heap   total 110592K, used 38570K [0x00000000e0000000, 0x0000000100000000)
  region size 1024K, 7 young (7168K), 7 survivors (7168K)
 Metaspace       used 15052K, committed 15232K, reserved 1114112K
  class space    used 1460K, committed 1536K, reserved 1048576K
}
Event: 4.710 GC heap before
{Heap before GC invocations=25 (full 0):
 garbage-first heap   total 110592K, used 58026K [0x00000000e0000000, 0x0000000100000000)
  region size 1024K, 15 young (15360K), 7 survivors (7168K)
 Metaspace       used 15055K, committed 15232K, reserved 1114112K
  class space    used 1460K, committed 1536K, reserved 1048576K
}
Event: 4.712 GC heap after
{Heap after GC invocations=26 (full 0):
 garbage-first heap   total 110592K, used 46392K [0x00000000e0000000, 0x0000000100000000)
  region size 1024K, 5 young (5120K), 5 survivors (5120K)
 Metaspace       used 15055K, committed 15232K, reserved 1114112K
  class space    used 1460K, committed 1536K, reserved 1048576K
}
Event: 4.966 GC heap before
{Heap before GC invocations=26 (full 0):
 garbage-first heap   total 110592K, used 77112K [0x00000000e0000000, 0x0000000100000000)
  region size 1024K, 18 young (18432K), 5 survivors (5120K)
 Metaspace       used 15099K, committed 15296K, reserved 1114112K
  class space    used 1460K, committed 1536K, reserved 1048576K
}
Event: 4.968 GC heap after
{Heap after GC invocations=27 (full 0):
 garbage-first heap   total 110592K, used 67540K [0x00000000e0000000, 0x0000000100000000)
  region size 1024K, 5 young (5120K), 5 survivors (5120K)
 Metaspace       used 15099K, committed 15296K, reserved 1114112K
  class space    used 1460K, committed 1536K, reserved 1048576K
}
Event: 5.132 GC heap before
{Heap before GC invocations=28 (full 0):
 garbage-first heap   total 110592K, used 102356K [0x00000000e0000000, 0x0000000100000000)
  region size 1024K, 22 young (22528K), 5 survivors (5120K)
 Metaspace       used 15121K, committed 15296K, reserved 1114112K
  class space    used 1460K, committed 1536K, reserved 1048576K
}
Event: 5.139 GC heap after
{Heap after GC invocations=29 (full 0):
 garbage-first heap   total 124928K, used 102341K [0x00000000e0000000, 0x0000000100000000)
  region size 1024K, 3 young (3072K), 3 survivors (3072K)
 Metaspace       used 15121K, committed 15296K, reserved 1114112K
  class space    used 1460K, committed 1536K, reserved 1048576K
}
Event: 5.189 GC heap before
{Heap before GC invocations=29 (full 0):
 garbage-first heap   total 124928K, used 114629K [0x00000000e0000000, 0x0000000100000000)
  region size 1024K, 10 young (10240K), 3 survivors (3072K)
 Metaspace       used 15121K, committed 15296K, reserved 1114112K
  class space    used 1460K, committed 1536K, reserved 1048576K
}
Event: 5.192 GC heap after
{Heap after GC invocations=30 (full 0):
 garbage-first heap   total 125952K, used 114688K [0x00000000e0000000, 0x0000000100000000)
  region size 1024K, 2 young (2048K), 2 survivors (2048K)
 Metaspace       used 15121K, committed 15296K, reserved 1114112K
  class space    used 1460K, committed 1536K, reserved 1048576K
}
Event: 5.211 GC heap before
{Heap before GC invocations=30 (full 0):
 garbage-first heap   total 125952K, used 114688K [0x00000000e0000000, 0x0000000100000000)
  region size 1024K, 4 young (4096K), 2 survivors (2048K)
 Metaspace       used 15121K, committed 15296K, reserved 1114112K
  class space    used 1460K, committed 1536K, reserved 1048576K
}
Event: 5.213 GC heap after
{Heap after GC invocations=31 (full 0):
 garbage-first heap   total 188416K, used 117077K [0x00000000e0000000, 0x0000000100000000)
  region size 1024K, 1 young (1024K), 1 survivors (1024K)
 Metaspace       used 15121K, committed 15296K, reserved 1114112K
  class space    used 1460K, committed 1536K, reserved 1048576K
}
Event: 6.046 GC heap before
{Heap before GC invocations=31 (full 0):
 garbage-first heap   total 188416K, used 167253K [0x00000000e0000000, 0x0000000100000000)
  region size 1024K, 25 young (25600K), 1 survivors (1024K)
 Metaspace       used 15952K, committed 16128K, reserved 1114112K
  class space    used 1505K, committed 1600K, reserved 1048576K
}
Event: 6.051 GC heap after
{Heap after GC invocations=32 (full 0):
 garbage-first heap   total 188416K, used 158329K [0x00000000e0000000, 0x0000000100000000)
  region size 1024K, 4 young (4096K), 4 survivors (4096K)
 Metaspace       used 15952K, committed 16128K, reserved 1114112K
  class space    used 1505K, committed 1600K, reserved 1048576K
}
Event: 6.854 GC heap before
{Heap before GC invocations=32 (full 0):
 garbage-first heap   total 188416K, used 167545K [0x00000000e0000000, 0x0000000100000000)
  region size 1024K, 13 young (13312K), 4 survivors (4096K)
 Metaspace       used 16109K, committed 16256K, reserved 1114112K
  class space    used 1514K, committed 1600K, reserved 1048576K
}
Event: 6.858 GC heap after
{Heap after GC invocations=33 (full 0):
 garbage-first heap   total 188416K, used 159948K [0x00000000e0000000, 0x0000000100000000)
  region size 1024K, 2 young (2048K), 2 survivors (2048K)
 Metaspace       used 16109K, committed 16256K, reserved 1114112K
  class space    used 1514K, committed 1600K, reserved 1048576K
}
Event: 8.055 GC heap before
{Heap before GC invocations=34 (full 0):
 garbage-first heap   total 268288K, used 169164K [0x00000000e0000000, 0x0000000100000000)
  region size 1024K, 12 young (12288K), 2 survivors (2048K)
 Metaspace       used 16134K, committed 16320K, reserved 1114112K
  class space    used 1514K, committed 1600K, reserved 1048576K
}
Event: 8.058 GC heap after
{Heap after GC invocations=35 (full 0):
 garbage-first heap   total 268288K, used 162103K [0x00000000e0000000, 0x0000000100000000)
  region size 1024K, 2 young (2048K), 2 survivors (2048K)
 Metaspace       used 16134K, committed 16320K, reserved 1114112K
  class space    used 1514K, committed 1600K, reserved 1048576K
}

