# JRE version: OpenJDK Runtime Environment Microsoft-11369940 (21.0.7+6) (build 21.0.7+6-LTS)
# Java VM: OpenJDK 64-Bit Server VM Microsoft-11369940 (21.0.7+6-LTS, mixed mode, tiered, compressed oops, compressed class ptrs, g1 gc, windows-amd64)
GC Precious Log:
 CardTable entry size: 512
 Card Set container configuration: InlinePtr #cards 4 size 8 Array Of Cards #cards 32 size 80 Howl #buckets 8 coarsen threshold 7372 Howl Bitmap #cards 1024 size 144 coarsen threshold 921 Card regions per heap region 1 cards per card region 8192
 CPUs: 32 total, 32 available
 Memory: 31962M
 Large Page Support: Disabled
 NUMA Support: Disabled
 Compressed Oops: Enabled (Zero based)
 Heap Region Size: 4M
 Heap Min Capacity: 8M
 Heap Initial Capacity: 8M
 Heap Max Capacity: 7992M
 Pre-touch: Disabled
 Parallel Workers: 23
 Concurrent Workers: 6
 Concurrent Refinement Workers: 23
 Periodic GC: Disabled
Heap:
 garbage-first heap   total 16384K, used 1839K [0x000000060c800000, 0x0000000800000000)
  region size 4096K, 1 young (4096K), 1 survivors (4096K)
 Metaspace       used 12613K, committed 12736K, reserved 1114112K
  class space    used 1249K, committed 1280K, reserved 1048576K
GC Heap History (13 events):
Event: 0.263 GC heap before
{Heap before GC invocations=0 (full 0):
 garbage-first heap   total 8192K, used 0K [0x000000060c800000, 0x0000000800000000)
  region size 4096K, 1 young (4096K), 0 survivors (0K)
 Metaspace       used 7496K, committed 7616K, reserved 1114112K
  class space    used 642K, committed 704K, reserved 1048576K
}
Event: 0.266 GC heap after
{Heap after GC invocations=1 (full 0):
 garbage-first heap   total 8192K, used 1248K [0x000000060c800000, 0x0000000800000000)
  region size 4096K, 1 young (4096K), 1 survivors (4096K)
 Metaspace       used 7496K, committed 7616K, reserved 1114112K
  class space    used 642K, committed 704K, reserved 1048576K
}
Event: 0.266 GC heap before
{Heap before GC invocations=1 (full 0):
 garbage-first heap   total 12288K, used 1248K [0x000000060c800000, 0x0000000800000000)
  region size 4096K, 1 young (4096K), 1 survivors (4096K)
 Metaspace       used 7496K, committed 7616K, reserved 1114112K
  class space    used 642K, committed 704K, reserved 1048576K
}
Event: 0.270 GC heap after
{Heap after GC invocations=2 (full 1):
 garbage-first heap   total 12288K, used 1029K [0x000000060c800000, 0x0000000800000000)
  region size 4096K, 0 young (0K), 0 survivors (0K)
 Metaspace       used 7496K, committed 7616K, reserved 1114112K
  class space    used 642K, committed 704K, reserved 1048576K
}
Event: 0.432 GC heap before
{Heap before GC invocations=2 (full 1):
 garbage-first heap   total 12288K, used 1029K [0x000000060c800000, 0x0000000800000000)
  region size 4096K, 1 young (4096K), 0 survivors (0K)
 Metaspace       used 9580K, committed 9792K, reserved 1114112K
  class space    used 868K, committed 960K, reserved 1048576K
}
Event: 0.433 GC heap after
{Heap after GC invocations=3 (full 1):
 garbage-first heap   total 12288K, used 1471K [0x000000060c800000, 0x0000000800000000)
  region size 4096K, 1 young (4096K), 1 survivors (4096K)
 Metaspace       used 9580K, committed 9792K, reserved 1114112K
  class space    used 868K, committed 960K, reserved 1048576K
}
Event: 0.434 GC heap before
{Heap before GC invocations=3 (full 1):
 garbage-first heap   total 16384K, used 1471K [0x000000060c800000, 0x0000000800000000)
  region size 4096K, 1 young (4096K), 1 survivors (4096K)
 Metaspace       used 9580K, committed 9792K, reserved 1114112K
  class space    used 868K, committed 960K, reserved 1048576K
}
Event: 0.439 GC heap after
{Heap after GC invocations=4 (full 2):
 garbage-first heap   total 16384K, used 1184K [0x000000060c800000, 0x0000000800000000)
  region size 4096K, 0 young (0K), 0 survivors (0K)
 Metaspace       used 9580K, committed 9792K, reserved 1114112K
  class space    used 868K, committed 960K, reserved 1048576K
}
Event: 0.482 GC heap before
{Heap before GC invocations=4 (full 2):
 garbage-first heap   total 16384K, used 5280K [0x000000060c800000, 0x0000000800000000)
  region size 4096K, 1 young (4096K), 0 survivors (0K)
 Metaspace       used 10655K, committed 10752K, reserved 1114112K
  class space    used 1026K, committed 1088K, reserved 1048576K
}
Event: 0.483 GC heap after
{Heap after GC invocations=5 (full 2):
 garbage-first heap   total 16384K, used 1745K [0x000000060c800000, 0x0000000800000000)
  region size 4096K, 1 young (4096K), 1 survivors (4096K)
 Metaspace       used 10655K, committed 10752K, reserved 1114112K
  class space    used 1026K, committed 1088K, reserved 1048576K
}
Event: 0.519 GC heap before
{Heap before GC invocations=5 (full 2):
 garbage-first heap   total 16384K, used 5841K [0x000000060c800000, 0x0000000800000000)
  region size 4096K, 2 young (8192K), 1 survivors (4096K)
 Metaspace       used 11607K, committed 11840K, reserved 1114112K
  class space    used 1132K, committed 1216K, reserved 1048576K
}
Event: 0.520 GC heap after
{Heap after GC invocations=6 (full 2):
 garbage-first heap   total 16384K, used 1835K [0x000000060c800000, 0x0000000800000000)
  region size 4096K, 1 young (4096K), 1 survivors (4096K)
 Metaspace       used 11607K, committed 11840K, reserved 1114112K
  class space    used 1132K, committed 1216K, reserved 1048576K
}
Event: 0.554 GC heap before
{Heap before GC invocations=6 (full 2):
 garbage-first heap   total 16384K, used 1835K [0x000000060c800000, 0x0000000800000000)
  region size 4096K, 2 young (8192K), 1 survivors (4096K)
 Metaspace       used 12613K, committed 12736K, reserved 1114112K
  class space    used 1249K, committed 1280K, reserved 1048576K
}

