# JRE version: OpenJDK Runtime Environment Microsoft-11369940 (21.0.7+6) (build 21.0.7+6-LTS)
# Java VM: OpenJDK 64-Bit Server VM Microsoft-11369940 (21.0.7+6-LTS, mixed mode, tiered, compressed oops, compressed class ptrs, g1 gc, windows-amd64)
GC Precious Log:
 CardTable entry size: 512
 Card Set container configuration: InlinePtr #cards 4 size 8 Array Of Cards #cards 32 size 80 Howl #buckets 8 coarsen threshold 7372 Howl Bitmap #cards 1024 size 144 coarsen threshold 921 Card regions per heap region 1 cards per card region 8192
 CPUs: 32 total, 32 available
 Memory: 31962M
 Large Page Support: Disabled
 NUMA Support: Disabled
 Compressed Oops: Enabled (Zero based)
 Heap Region Size: 4M
 Heap Min Capacity: 8M
 Heap Initial Capacity: 8M
 Heap Max Capacity: 7992M
 Pre-touch: Disabled
 Parallel Workers: 23
 Concurrent Workers: 6
 Concurrent Refinement Workers: 23
 Periodic GC: Disabled
Heap:
 garbage-first heap   total 757760K, used 594309K [0x000000060c800000, 0x0000000800000000)
  region size 4096K, 23 young (94208K), 5 survivors (20480K)
 Metaspace       used 22270K, committed 22592K, reserved 1114112K
  class space    used 2067K, committed 2240K, reserved 1048576K
GC Heap History (20 events):
Event: 6.278 GC heap before
{Heap before GC invocations=23 (full 2):
 garbage-first heap   total 380928K, used 278528K [0x000000060c800000, 0x0000000800000000)
  region size 4096K, 21 young (86016K), 3 survivors (12288K)
 Metaspace       used 18050K, committed 18304K, reserved 1114112K
  class space    used 1673K, committed 1792K, reserved 1048576K
}
Event: 6.288 GC heap after
{Heap after GC invocations=24 (full 2):
 garbage-first heap   total 380928K, used 225812K [0x000000060c800000, 0x0000000800000000)
  region size 4096K, 3 young (12288K), 3 survivors (12288K)
 Metaspace       used 18050K, committed 18304K, reserved 1114112K
  class space    used 1673K, committed 1792K, reserved 1048576K
}
Event: 6.917 GC heap before
{Heap before GC invocations=24 (full 2):
 garbage-first heap   total 380928K, used 303636K [0x000000060c800000, 0x0000000800000000)
  region size 4096K, 20 young (81920K), 3 survivors (12288K)
 Metaspace       used 18057K, committed 18304K, reserved 1114112K
  class space    used 1673K, committed 1792K, reserved 1048576K
}
Event: 6.927 GC heap after
{Heap after GC invocations=25 (full 2):
 garbage-first heap   total 380928K, used 264589K [0x000000060c800000, 0x0000000800000000)
  region size 4096K, 3 young (12288K), 3 survivors (12288K)
 Metaspace       used 18057K, committed 18304K, reserved 1114112K
  class space    used 1673K, committed 1792K, reserved 1048576K
}
Event: 6.997 GC heap before
{Heap before GC invocations=25 (full 2):
 garbage-first heap   total 380928K, used 321933K [0x000000060c800000, 0x0000000800000000)
  region size 4096K, 15 young (61440K), 3 survivors (12288K)
 Metaspace       used 18059K, committed 18304K, reserved 1114112K
  class space    used 1673K, committed 1792K, reserved 1048576K
}
Event: 7.004 GC heap after
{Heap after GC invocations=26 (full 2):
 garbage-first heap   total 380928K, used 289144K [0x000000060c800000, 0x0000000800000000)
  region size 4096K, 2 young (8192K), 2 survivors (8192K)
 Metaspace       used 18059K, committed 18304K, reserved 1114112K
  class space    used 1673K, committed 1792K, reserved 1048576K
}
Event: 7.100 GC heap before
{Heap before GC invocations=26 (full 2):
 garbage-first heap   total 380928K, used 326008K [0x000000060c800000, 0x0000000800000000)
  region size 4096K, 11 young (45056K), 2 survivors (8192K)
 Metaspace       used 18102K, committed 18304K, reserved 1114112K
  class space    used 1673K, committed 1792K, reserved 1048576K
}
Event: 7.104 GC heap after
{Heap after GC invocations=27 (full 2):
 garbage-first heap   total 552960K, used 296349K [0x000000060c800000, 0x0000000800000000)
  region size 4096K, 2 young (8192K), 2 survivors (8192K)
 Metaspace       used 18102K, committed 18304K, reserved 1114112K
  class space    used 1673K, committed 1792K, reserved 1048576K
}
Event: 7.730 GC heap before
{Heap before GC invocations=27 (full 2):
 garbage-first heap   total 552960K, used 435613K [0x000000060c800000, 0x0000000800000000)
  region size 4096K, 34 young (139264K), 2 survivors (8192K)
 Metaspace       used 18105K, committed 18304K, reserved 1114112K
  class space    used 1673K, committed 1792K, reserved 1048576K
}
Event: 7.742 GC heap after
{Heap after GC invocations=28 (full 2):
 garbage-first heap   total 552960K, used 352148K [0x000000060c800000, 0x0000000800000000)
  region size 4096K, 5 young (20480K), 5 survivors (20480K)
 Metaspace       used 18105K, committed 18304K, reserved 1114112K
  class space    used 1673K, committed 1792K, reserved 1048576K
}
Event: 8.324 GC heap before
{Heap before GC invocations=28 (full 2):
 garbage-first heap   total 552960K, used 462740K [0x000000060c800000, 0x0000000800000000)
  region size 4096K, 31 young (126976K), 5 survivors (20480K)
 Metaspace       used 18112K, committed 18304K, reserved 1114112K
  class space    used 1673K, committed 1792K, reserved 1048576K
}
Event: 8.333 GC heap after
{Heap after GC invocations=29 (full 2):
 garbage-first heap   total 552960K, used 393097K [0x000000060c800000, 0x0000000800000000)
  region size 4096K, 4 young (16384K), 4 survivors (16384K)
 Metaspace       used 18112K, committed 18304K, reserved 1114112K
  class space    used 1673K, committed 1792K, reserved 1048576K
}
Event: 8.699 GC heap before
{Heap before GC invocations=29 (full 2):
 garbage-first heap   total 552960K, used 479113K [0x000000060c800000, 0x0000000800000000)
  region size 4096K, 24 young (98304K), 4 survivors (16384K)
 Metaspace       used 18112K, committed 18304K, reserved 1114112K
  class space    used 1673K, committed 1792K, reserved 1048576K
}
Event: 8.707 GC heap after
{Heap after GC invocations=30 (full 2):
 garbage-first heap   total 552960K, used 425984K [0x000000060c800000, 0x0000000800000000)
  region size 4096K, 3 young (12288K), 3 survivors (12288K)
 Metaspace       used 18112K, committed 18304K, reserved 1114112K
  class space    used 1673K, committed 1792K, reserved 1048576K
}
Event: 8.882 GC heap before
{Heap before GC invocations=30 (full 2):
 garbage-first heap   total 552960K, used 487424K [0x000000060c800000, 0x0000000800000000)
  region size 4096K, 18 young (73728K), 3 survivors (12288K)
 Metaspace       used 18112K, committed 18304K, reserved 1114112K
  class space    used 1673K, committed 1792K, reserved 1048576K
}
Event: 8.887 GC heap after
{Heap after GC invocations=31 (full 2):
 garbage-first heap   total 663552K, used 452538K [0x000000060c800000, 0x0000000800000000)
  region size 4096K, 3 young (12288K), 3 survivors (12288K)
 Metaspace       used 18112K, committed 18304K, reserved 1114112K
  class space    used 1673K, committed 1792K, reserved 1048576K
}
Event: 9.322 GC heap before
{Heap before GC invocations=32 (full 2):
 garbage-first heap   total 757760K, used 550842K [0x000000060c800000, 0x0000000800000000)
  region size 4096K, 27 young (110592K), 3 survivors (12288K)
 Metaspace       used 18112K, committed 18304K, reserved 1114112K
  class space    used 1673K, committed 1792K, reserved 1048576K
}
Event: 9.330 GC heap after
{Heap after GC invocations=33 (full 2):
 garbage-first heap   total 757760K, used 483094K [0x000000060c800000, 0x0000000800000000)
  region size 4096K, 4 young (16384K), 4 survivors (16384K)
 Metaspace       used 18112K, committed 18304K, reserved 1114112K
  class space    used 1673K, committed 1792K, reserved 1048576K
}
Event: 10.206 GC heap before
{Heap before GC invocations=33 (full 2):
 garbage-first heap   total 757760K, used 610070K [0x000000060c800000, 0x0000000800000000)
  region size 4096K, 36 young (147456K), 4 survivors (16384K)
 Metaspace       used 19097K, committed 19328K, reserved 1114112K
  class space    used 1749K, committed 1856K, reserved 1048576K
}
Event: 10.221 GC heap after
{Heap after GC invocations=34 (full 2):
 garbage-first heap   total 757760K, used 520581K [0x000000060c800000, 0x0000000800000000)
  region size 4096K, 5 young (20480K), 5 survivors (20480K)
 Metaspace       used 19097K, committed 19328K, reserved 1114112K
  class space    used 1749K, committed 1856K, reserved 1048576K
}

